<?xml version="1.0" encoding="UTF-8"?>
<testng-results ignored="0" total="1" passed="1" failed="0" skipped="0">
  <reporter-output>
  </reporter-output>
  <suite started-at="2025-09-29T16:58:27 CEST" name="Default suite" finished-at="2025-09-29T16:58:30 CEST" duration-ms="3062">
    <groups>
    </groups>
    <test started-at="2025-09-29T16:58:27 CEST" name="Default test" finished-at="2025-09-29T16:58:30 CEST" duration-ms="3062">
      <class name="testScripts.LoginTest">
        <test-method is-config="true" signature="initializeBrowser()[pri:0, instance:testScripts.LoginTest@459e9125]" started-at="2025-09-29T16:58:27 CEST" name="initializeBrowser" finished-at="2025-09-29T16:58:29 CEST" duration-ms="1881" status="PASS">
          <reporter-output>
          </reporter-output>
        </test-method> <!-- initializeBrowser -->
        <test-method signature="verifyLogin_InvalidUserName_ValidPassword()[pri:0, instance:testScripts.LoginTest@459e9125]" started-at="2025-09-29T16:58:29 CEST" name="verifyLogin_InvalidUserName_ValidPassword" finished-at="2025-09-29T16:58:30 CEST" duration-ms="1128" status="PASS">
          <reporter-output>
          </reporter-output>
        </test-method> <!-- verifyLogin_InvalidUserName_ValidPassword -->
        <test-method is-config="true" signature="driverClose()[pri:0, instance:testScripts.LoginTest@459e9125]" started-at="2025-09-29T16:58:30 CEST" name="driverClose" finished-at="2025-09-29T16:58:30 CEST" duration-ms="1" status="PASS">
          <reporter-output>
          </reporter-output>
        </test-method> <!-- driverClose -->
      </class> <!-- testScripts.LoginTest -->
    </test> <!-- Default test -->
  </suite> <!-- Default suite -->
</testng-results>
