<?xml version="1.0" encoding="UTF-8"?>
<testng-results ignored="0" total="1" passed="1" failed="0" skipped="0">
  <reporter-output>
  </reporter-output>
  <suite started-at="2025-09-23T17:27:28 CEST" name="Default suite" finished-at="2025-09-23T17:27:28 CEST" duration-ms="82">
    <groups>
    </groups>
    <test started-at="2025-09-23T17:27:28 CEST" name="Default test" finished-at="2025-09-23T17:27:28 CEST" duration-ms="82">
      <class name="seleniumBasics.TestNGAnnotation">
        <test-method is-config="true" signature="beforeSuit()[pri:0, instance:seleniumBasics.TestNGAnnotation@36fc695d]" started-at="2025-09-23T17:27:28 CEST" name="beforeSuit" finished-at="2025-09-23T17:27:28 CEST" duration-ms="16" status="PASS">
          <reporter-output>
          </reporter-output>
        </test-method> <!-- beforeSuit -->
        <test-method is-config="true" signature="beforeTest()[pri:0, instance:seleniumBasics.TestNGAnnotation@36fc695d]" started-at="2025-09-23T17:27:28 CEST" name="beforeTest" finished-at="2025-09-23T17:27:28 CEST" duration-ms="2" status="PASS">
          <reporter-output>
          </reporter-output>
        </test-method> <!-- beforeTest -->
        <test-method is-config="true" signature="beforeClass()[pri:0, instance:seleniumBasics.TestNGAnnotation@36fc695d]" started-at="2025-09-23T17:27:28 CEST" name="beforeClass" finished-at="2025-09-23T17:27:28 CEST" duration-ms="1" status="PASS">
          <reporter-output>
          </reporter-output>
        </test-method> <!-- beforeClass -->
        <test-method is-config="true" signature="beforeMethod()[pri:0, instance:seleniumBasics.TestNGAnnotation@36fc695d]" started-at="2025-09-23T17:27:28 CEST" name="beforeMethod" finished-at="2025-09-23T17:27:28 CEST" duration-ms="1" status="PASS">
          <reporter-output>
          </reporter-output>
        </test-method> <!-- beforeMethod -->
        <test-method signature="sampleTest()[pri:0, instance:seleniumBasics.TestNGAnnotation@36fc695d]" started-at="2025-09-23T17:27:28 CEST" name="sampleTest" finished-at="2025-09-23T17:27:28 CEST" duration-ms="8" status="PASS">
          <reporter-output>
          </reporter-output>
        </test-method> <!-- sampleTest -->
        <test-method is-config="true" signature="afterMethod()[pri:0, instance:seleniumBasics.TestNGAnnotation@36fc695d]" started-at="2025-09-23T17:27:28 CEST" name="afterMethod" finished-at="2025-09-23T17:27:28 CEST" duration-ms="0" status="PASS">
          <reporter-output>
          </reporter-output>
        </test-method> <!-- afterMethod -->
        <test-method is-config="true" signature="afterClass()[pri:0, instance:seleniumBasics.TestNGAnnotation@36fc695d]" started-at="2025-09-23T17:27:28 CEST" name="afterClass" finished-at="2025-09-23T17:27:28 CEST" duration-ms="1" status="PASS">
          <reporter-output>
          </reporter-output>
        </test-method> <!-- afterClass -->
        <test-method is-config="true" signature="afterTest()[pri:0, instance:seleniumBasics.TestNGAnnotation@36fc695d]" started-at="2025-09-23T17:27:28 CEST" name="afterTest" finished-at="2025-09-23T17:27:28 CEST" duration-ms="0" status="PASS">
          <reporter-output>
          </reporter-output>
        </test-method> <!-- afterTest -->
        <test-method is-config="true" signature="afterSuit()[pri:0, instance:seleniumBasics.TestNGAnnotation@36fc695d]" started-at="2025-09-23T17:27:28 CEST" name="afterSuit" finished-at="2025-09-23T17:27:28 CEST" duration-ms="1" status="PASS">
          <reporter-output>
          </reporter-output>
        </test-method> <!-- afterSuit -->
      </class> <!-- seleniumBasics.TestNGAnnotation -->
    </test> <!-- Default test -->
  </suite> <!-- Default suite -->
</testng-results>
