<?xml version="1.0" encoding="UTF-8"?>
<!-- Generated by org.testng.reporters.JUnitXMLReporter -->
<testsuite ignored="3" hostname="DESKTOP-6FIB2UL" failures="0" tests="1" name="Default test" time="3.062" errors="0" timestamp="2025-09-29T16:58:30 CEST">
  <testcase classname="testScripts.LoginTest" name="verifyLogin_InvalidUserName_ValidPassword" time="1.128"/>
  <testcase classname="testScripts.LoginTest" name="verifyLoginWithValidCredentials" time="0.0">
    <ignored/>
  </testcase> <!-- verifyLoginWithValidCredentials -->
  <testcase classname="testScripts.LoginTest" name="verifyLogin_ValidUserName_InvalidPassword" time="0.0">
    <ignored/>
  </testcase> <!-- verifyLogin_ValidUserName_InvalidPassword -->
  <testcase classname="testScripts.LoginTest" name="verifyLoginWithInvalidCredentials" time="0.0">
    <ignored/>
  </testcase> <!-- verifyLoginWithInvalidCredentials -->
</testsuite> <!-- Default test -->
